# JRE version: OpenJDK Runtime Environment GraalVM CE 22.3.0 (17.0.5+8) (build 17.0.5+8-jvmci-22.3-b08)
# Java VM: OpenJDK 64-Bit Server VM GraalVM CE 22.3.0 (17.0.5+8-jvmci-22.3-b08, mixed mode, sharing, tiered, jvmci, jvmci compiler, compressed oops, compressed class ptrs, parallel gc, linux-amd64)
GC Precious Log:
 CPUs: 8 total, 1 available
 Memory: 1024M
 Large Page Support: Disabled
 NUMA Support: Disabled
 Compressed Oops: Enabled (32-bit)
 Alignments: Space 512K, Generation 512K, Heap 2M
 Heap Min Capacity: 100M
 Heap Initial Capacity: 100M
 Heap Max Capacity: 512M
 Pre-touch: Disabled
 Parallel Workers: 1
Heap:
 PSYoungGen      total 73216K, used 37888K [0x00000000f5580000, 0x00000000fc680000, 0x0000000100000000)
  eden space 37888K, 100% used [0x00000000f5580000,0x00000000f7a80000,0x00000000f7a80000)
  from space 35328K, 0% used [0x00000000fa400000,0x00000000fa400000,0x00000000fc680000)
  to   space 20992K, 0% used [0x00000000f7a80000,0x00000000f7a80000,0x00000000f8f00000)
 ParOldGen       total 349696K, used 349694K [0x00000000e0000000, 0x00000000f5580000, 0x00000000f5580000)
  object space 349696K, 99% used [0x00000000e0000000,0x00000000f557fba8,0x00000000f5580000)
 Metaspace       used 65232K, committed 66368K, reserved 1114112K
  class space    used 6267K, committed 6656K, reserved 1048576K
GC Heap History (20 events):
Event: 435.030 GC heap before
{Heap before GC invocations=395 (full 278):
 PSYoungGen      total 73216K, used 37888K [0x00000000f5580000, 0x00000000fc680000, 0x0000000100000000)
  eden space 37888K, 100% used [0x00000000f5580000,0x00000000f7a80000,0x00000000f7a80000)
  from space 35328K, 0% used [0x00000000fa400000,0x00000000fa400000,0x00000000fc680000)
  to   space 20992K, 0% used [0x00000000f7a80000,0x00000000f7a80000,0x00000000f8f00000)
 ParOldGen       total 349696K, used 349695K [0x00000000e0000000, 0x00000000f5580000, 0x00000000f5580000)
  object space 349696K, 99% used [0x00000000e0000000,0x00000000f557fff8,0x00000000f5580000)
 Metaspace       used 65232K, committed 66368K, reserved 1114112K
  class space    used 6267K, committed 6656K, reserved 1048576K
}
Event: 436.480 GC heap after
{Heap after GC invocations=395 (full 278):
 PSYoungGen      total 58880K, used 37887K [0x00000000f5580000, 0x00000000fc680000, 0x0000000100000000)
  eden space 37888K, 99% used [0x00000000f5580000,0x00000000f7a7ff70,0x00000000f7a80000)
  from space 20992K, 0% used [0x00000000f7a80000,0x00000000f7a80000,0x00000000f8f00000)
  to   space 35328K, 0% used [0x00000000fa400000,0x00000000fa400000,0x00000000fc680000)
 ParOldGen       total 349696K, used 349694K [0x00000000e0000000, 0x00000000f5580000, 0x00000000f5580000)
  object space 349696K, 99% used [0x00000000e0000000,0x00000000f557f928,0x00000000f5580000)
 Metaspace       used 65232K, committed 66368K, reserved 1114112K
  class space    used 6267K, committed 6656K, reserved 1048576K
}
Event: 436.480 GC heap before
{Heap before GC invocations=396 (full 279):
 PSYoungGen      total 58880K, used 37888K [0x00000000f5580000, 0x00000000fc680000, 0x0000000100000000)
  eden space 37888K, 100% used [0x00000000f5580000,0x00000000f7a80000,0x00000000f7a80000)
  from space 20992K, 0% used [0x00000000f7a80000,0x00000000f7a80000,0x00000000f8f00000)
  to   space 35328K, 0% used [0x00000000fa400000,0x00000000fa400000,0x00000000fc680000)
 ParOldGen       total 349696K, used 349694K [0x00000000e0000000, 0x00000000f5580000, 0x00000000f5580000)
  object space 349696K, 99% used [0x00000000e0000000,0x00000000f557f928,0x00000000f5580000)
 Metaspace       used 65232K, committed 66368K, reserved 1114112K
  class space    used 6267K, committed 6656K, reserved 1048576K
}
Event: 437.768 GC heap after
{Heap after GC invocations=396 (full 279):
 PSYoungGen      total 73216K, used 37888K [0x00000000f5580000, 0x00000000fc680000, 0x0000000100000000)
  eden space 37888K, 100% used [0x00000000f5580000,0x00000000f7a80000,0x00000000f7a80000)
  from space 35328K, 0% used [0x00000000fa400000,0x00000000fa400000,0x00000000fc680000)
  to   space 20992K, 0% used [0x00000000f7a80000,0x00000000f7a80000,0x00000000f8f00000)
 ParOldGen       total 349696K, used 349694K [0x00000000e0000000, 0x00000000f5580000, 0x00000000f5580000)
  object space 349696K, 99% used [0x00000000e0000000,0x00000000f557f928,0x00000000f5580000)
 Metaspace       used 65232K, committed 66368K, reserved 1114112K
  class space    used 6267K, committed 6656K, reserved 1048576K
}
Event: 437.768 GC heap before
{Heap before GC invocations=397 (full 280):
 PSYoungGen      total 73216K, used 37888K [0x00000000f5580000, 0x00000000fc680000, 0x0000000100000000)
  eden space 37888K, 100% used [0x00000000f5580000,0x00000000f7a80000,0x00000000f7a80000)
  from space 35328K, 0% used [0x00000000fa400000,0x00000000fa400000,0x00000000fc680000)
  to   space 20992K, 0% used [0x00000000f7a80000,0x00000000f7a80000,0x00000000f8f00000)
 ParOldGen       total 349696K, used 349695K [0x00000000e0000000, 0x00000000f5580000, 0x00000000f5580000)
  object space 349696K, 99% used [0x00000000e0000000,0x00000000f557fff8,0x00000000f5580000)
 Metaspace       used 65232K, committed 66368K, reserved 1114112K
  class space    used 6267K, committed 6656K, reserved 1048576K
}
Event: 439.104 GC heap after
{Heap after GC invocations=397 (full 280):
 PSYoungGen      total 58880K, used 37887K [0x00000000f5580000, 0x00000000fc680000, 0x0000000100000000)
  eden space 37888K, 99% used [0x00000000f5580000,0x00000000f7a7fd68,0x00000000f7a80000)
  from space 20992K, 0% used [0x00000000f7a80000,0x00000000f7a80000,0x00000000f8f00000)
  to   space 35328K, 0% used [0x00000000fa400000,0x00000000fa400000,0x00000000fc680000)
 ParOldGen       total 349696K, used 349694K [0x00000000e0000000, 0x00000000f5580000, 0x00000000f5580000)
  object space 349696K, 99% used [0x00000000e0000000,0x00000000f557f978,0x00000000f5580000)
 Metaspace       used 65232K, committed 66368K, reserved 1114112K
  class space    used 6267K, committed 6656K, reserved 1048576K
}
Event: 439.111 GC heap before
{Heap before GC invocations=398 (full 281):
 PSYoungGen      total 58880K, used 37887K [0x00000000f5580000, 0x00000000fc680000, 0x0000000100000000)
  eden space 37888K, 99% used [0x00000000f5580000,0x00000000f7a7fff8,0x00000000f7a80000)
  from space 20992K, 0% used [0x00000000f7a80000,0x00000000f7a80000,0x00000000f8f00000)
  to   space 35328K, 0% used [0x00000000fa400000,0x00000000fa400000,0x00000000fc680000)
 ParOldGen       total 349696K, used 349694K [0x00000000e0000000, 0x00000000f5580000, 0x00000000f5580000)
  object space 349696K, 99% used [0x00000000e0000000,0x00000000f557f978,0x00000000f5580000)
 Metaspace       used 65232K, committed 66368K, reserved 1114112K
  class space    used 6267K, committed 6656K, reserved 1048576K
}
Event: 440.333 GC heap after
{Heap after GC invocations=398 (full 281):
 PSYoungGen      total 73216K, used 37887K [0x00000000f5580000, 0x00000000fc680000, 0x0000000100000000)
  eden space 37888K, 99% used [0x00000000f5580000,0x00000000f7a7fff8,0x00000000f7a80000)
  from space 35328K, 0% used [0x00000000fa400000,0x00000000fa400000,0x00000000fc680000)
  to   space 20992K, 0% used [0x00000000f7a80000,0x00000000f7a80000,0x00000000f8f00000)
 ParOldGen       total 349696K, used 349694K [0x00000000e0000000, 0x00000000f5580000, 0x00000000f5580000)
  object space 349696K, 99% used [0x00000000e0000000,0x00000000f557f958,0x00000000f5580000)
 Metaspace       used 65232K, committed 66368K, reserved 1114112K
  class space    used 6267K, committed 6656K, reserved 1048576K
}
Event: 440.340 GC heap before
{Heap before GC invocations=399 (full 282):
 PSYoungGen      total 73216K, used 37887K [0x00000000f5580000, 0x00000000fc680000, 0x0000000100000000)
  eden space 37888K, 99% used [0x00000000f5580000,0x00000000f7a7fff8,0x00000000f7a80000)
  from space 35328K, 0% used [0x00000000fa400000,0x00000000fa400000,0x00000000fc680000)
  to   space 20992K, 0% used [0x00000000f7a80000,0x00000000f7a80000,0x00000000f8f00000)
 ParOldGen       total 349696K, used 349696K [0x00000000e0000000, 0x00000000f5580000, 0x00000000f5580000)
  object space 349696K, 100% used [0x00000000e0000000,0x00000000f5580000,0x00000000f5580000)
 Metaspace       used 65232K, committed 66368K, reserved 1114112K
  class space    used 6267K, committed 6656K, reserved 1048576K
}
Event: 441.817 GC heap after
{Heap after GC invocations=399 (full 282):
 PSYoungGen      total 58880K, used 37887K [0x00000000f5580000, 0x00000000fc680000, 0x0000000100000000)
  eden space 37888K, 99% used [0x00000000f5580000,0x00000000f7a7ff98,0x00000000f7a80000)
  from space 20992K, 0% used [0x00000000f7a80000,0x00000000f7a80000,0x00000000f8f00000)
  to   space 35328K, 0% used [0x00000000fa400000,0x00000000fa400000,0x00000000fc680000)
 ParOldGen       total 349696K, used 349694K [0x00000000e0000000, 0x00000000f5580000, 0x00000000f5580000)
  object space 349696K, 99% used [0x00000000e0000000,0x00000000f557fbd0,0x00000000f5580000)
 Metaspace       used 65232K, committed 66368K, reserved 1114112K
  class space    used 6267K, committed 6656K, reserved 1048576K
}
Event: 441.820 GC heap before
{Heap before GC invocations=400 (full 283):
 PSYoungGen      total 58880K, used 37887K [0x00000000f5580000, 0x00000000fc680000, 0x0000000100000000)
  eden space 37888K, 99% used [0x00000000f5580000,0x00000000f7a7ffe8,0x00000000f7a80000)
  from space 20992K, 0% used [0x00000000f7a80000,0x00000000f7a80000,0x00000000f8f00000)
  to   space 35328K, 0% used [0x00000000fa400000,0x00000000fa400000,0x00000000fc680000)
 ParOldGen       total 349696K, used 349694K [0x00000000e0000000, 0x00000000f5580000, 0x00000000f5580000)
  object space 349696K, 99% used [0x00000000e0000000,0x00000000f557fbd0,0x00000000f5580000)
 Metaspace       used 65232K, committed 66368K, reserved 1114112K
  class space    used 6267K, committed 6656K, reserved 1048576K
}
Event: 443.059 GC heap after
{Heap after GC invocations=400 (full 283):
 PSYoungGen      total 73216K, used 37887K [0x00000000f5580000, 0x00000000fc680000, 0x0000000100000000)
  eden space 37888K, 99% used [0x00000000f5580000,0x00000000f7a7ffe8,0x00000000f7a80000)
  from space 35328K, 0% used [0x00000000fa400000,0x00000000fa400000,0x00000000fc680000)
  to   space 20992K, 0% used [0x00000000f7a80000,0x00000000f7a80000,0x00000000f8f00000)
 ParOldGen       total 349696K, used 349694K [0x00000000e0000000, 0x00000000f5580000, 0x00000000f5580000)
  object space 349696K, 99% used [0x00000000e0000000,0x00000000f557fbd0,0x00000000f5580000)
 Metaspace       used 65232K, committed 66368K, reserved 1114112K
  class space    used 6267K, committed 6656K, reserved 1048576K
}
Event: 443.060 GC heap before
{Heap before GC invocations=401 (full 284):
 PSYoungGen      total 73216K, used 37888K [0x00000000f5580000, 0x00000000fc680000, 0x0000000100000000)
  eden space 37888K, 100% used [0x00000000f5580000,0x00000000f7a80000,0x00000000f7a80000)
  from space 35328K, 0% used [0x00000000fa400000,0x00000000fa400000,0x00000000fc680000)
  to   space 20992K, 0% used [0x00000000f7a80000,0x00000000f7a80000,0x00000000f8f00000)
 ParOldGen       total 349696K, used 349695K [0x00000000e0000000, 0x00000000f5580000, 0x00000000f5580000)
  object space 349696K, 99% used [0x00000000e0000000,0x00000000f557fed8,0x00000000f5580000)
 Metaspace       used 65232K, committed 66368K, reserved 1114112K
  class space    used 6267K, committed 6656K, reserved 1048576K
}
Event: 444.403 GC heap after
{Heap after GC invocations=401 (full 284):
 PSYoungGen      total 58880K, used 37887K [0x00000000f5580000, 0x00000000fc680000, 0x0000000100000000)
  eden space 37888K, 99% used [0x00000000f5580000,0x00000000f7a7ffe8,0x00000000f7a80000)
  from space 20992K, 0% used [0x00000000f7a80000,0x00000000f7a80000,0x00000000f8f00000)
  to   space 35328K, 0% used [0x00000000fa400000,0x00000000fa400000,0x00000000fc680000)
 ParOldGen       total 349696K, used 349695K [0x00000000e0000000, 0x00000000f5580000, 0x00000000f5580000)
  object space 349696K, 99% used [0x00000000e0000000,0x00000000f557fe08,0x00000000f5580000)
 Metaspace       used 65232K, committed 66368K, reserved 1114112K
  class space    used 6267K, committed 6656K, reserved 1048576K
}
Event: 444.403 GC heap before
{Heap before GC invocations=402 (full 285):
 PSYoungGen      total 58880K, used 37887K [0x00000000f5580000, 0x00000000fc680000, 0x0000000100000000)
  eden space 37888K, 99% used [0x00000000f5580000,0x00000000f7a7ffe8,0x00000000f7a80000)
  from space 20992K, 0% used [0x00000000f7a80000,0x00000000f7a80000,0x00000000f8f00000)
  to   space 35328K, 0% used [0x00000000fa400000,0x00000000fa400000,0x00000000fc680000)
 ParOldGen       total 349696K, used 349695K [0x00000000e0000000, 0x00000000f5580000, 0x00000000f5580000)
  object space 349696K, 99% used [0x00000000e0000000,0x00000000f557fe08,0x00000000f5580000)
 Metaspace       used 65232K, committed 66368K, reserved 1114112K
  class space    used 6267K, committed 6656K, reserved 1048576K
}
Event: 445.615 GC heap after
{Heap after GC invocations=402 (full 285):
 PSYoungGen      total 73216K, used 37887K [0x00000000f5580000, 0x00000000fc680000, 0x0000000100000000)
  eden space 37888K, 99% used [0x00000000f5580000,0x00000000f7a7ffe8,0x00000000f7a80000)
  from space 35328K, 0% used [0x00000000fa400000,0x00000000fa400000,0x00000000fc680000)
  to   space 20992K, 0% used [0x00000000f7a80000,0x00000000f7a80000,0x00000000f8f00000)
 ParOldGen       total 349696K, used 349695K [0x00000000e0000000, 0x00000000f5580000, 0x00000000f5580000)
  object space 349696K, 99% used [0x00000000e0000000,0x00000000f557fe08,0x00000000f5580000)
 Metaspace       used 65232K, committed 66368K, reserved 1114112K
  class space    used 6267K, committed 6656K, reserved 1048576K
}
Event: 445.615 GC heap before
{Heap before GC invocations=403 (full 286):
 PSYoungGen      total 73216K, used 37887K [0x00000000f5580000, 0x00000000fc680000, 0x0000000100000000)
  eden space 37888K, 99% used [0x00000000f5580000,0x00000000f7a7fff8,0x00000000f7a80000)
  from space 35328K, 0% used [0x00000000fa400000,0x00000000fa400000,0x00000000fc680000)
  to   space 20992K, 0% used [0x00000000f7a80000,0x00000000f7a80000,0x00000000f8f00000)
 ParOldGen       total 349696K, used 349695K [0x00000000e0000000, 0x00000000f5580000, 0x00000000f5580000)
  object space 349696K, 99% used [0x00000000e0000000,0x00000000f557ff68,0x00000000f5580000)
 Metaspace       used 65232K, committed 66368K, reserved 1114112K
  class space    used 6267K, committed 6656K, reserved 1048576K
}
Event: 446.956 GC heap after
{Heap after GC invocations=403 (full 286):
 PSYoungGen      total 58880K, used 37887K [0x00000000f5580000, 0x00000000fc680000, 0x0000000100000000)
  eden space 37888K, 99% used [0x00000000f5580000,0x00000000f7a7ffe8,0x00000000f7a80000)
  from space 20992K, 0% used [0x00000000f7a80000,0x00000000f7a80000,0x00000000f8f00000)
  to   space 35328K, 0% used [0x00000000fa400000,0x00000000fa400000,0x00000000fc680000)
 ParOldGen       total 349696K, used 349694K [0x00000000e0000000, 0x00000000f5580000, 0x00000000f5580000)
  object space 349696K, 99% used [0x00000000e0000000,0x00000000f557f848,0x00000000f5580000)
 Metaspace       used 65232K, committed 66368K, reserved 1114112K
  class space    used 6267K, committed 6656K, reserved 1048576K
}
Event: 446.956 GC heap before
{Heap before GC invocations=404 (full 287):
 PSYoungGen      total 58880K, used 37887K [0x00000000f5580000, 0x00000000fc680000, 0x0000000100000000)
  eden space 37888K, 99% used [0x00000000f5580000,0x00000000f7a7ffe8,0x00000000f7a80000)
  from space 20992K, 0% used [0x00000000f7a80000,0x00000000f7a80000,0x00000000f8f00000)
  to   space 35328K, 0% used [0x00000000fa400000,0x00000000fa400000,0x00000000fc680000)
 ParOldGen       total 349696K, used 349694K [0x00000000e0000000, 0x00000000f5580000, 0x00000000f5580000)
  object space 349696K, 99% used [0x00000000e0000000,0x00000000f557f848,0x00000000f5580000)
 Metaspace       used 65232K, committed 66368K, reserved 1114112K
  class space    used 6267K, committed 6656K, reserved 1048576K
}
Event: 448.142 GC heap after
{Heap after GC invocations=404 (full 287):
 PSYoungGen      total 73216K, used 37887K [0x00000000f5580000, 0x00000000fc680000, 0x0000000100000000)
  eden space 37888K, 99% used [0x00000000f5580000,0x00000000f7a7ffe8,0x00000000f7a80000)
  from space 35328K, 0% used [0x00000000fa400000,0x00000000fa400000,0x00000000fc680000)
  to   space 20992K, 0% used [0x00000000f7a80000,0x00000000f7a80000,0x00000000f8f00000)
 ParOldGen       total 349696K, used 349694K [0x00000000e0000000, 0x00000000f5580000, 0x00000000f5580000)
  object space 349696K, 99% used [0x00000000e0000000,0x00000000f557f848,0x00000000f5580000)
 Metaspace       used 65232K, committed 66368K, reserved 1114112K
  class space    used 6267K, committed 6656K, reserved 1048576K
}

